#
# There is insufficient memory for the Java Runtime Environment to continue.
# Native memory allocation (malloc) failed to allocate 32744 bytes for ChunkPool::allocate
# Possible reasons:
#   The system is out of physical RAM or swap space
#   The process is running with CompressedOops enabled, and the Java Heap may be blocking the growth of the native heap
# Possible solutions:
#   Reduce memory load on the system
#   Increase physical memory or swap space
#   Check if swap backing store is full
#   Decrease Java heap size (-Xmx/-Xms)
#   Decrease number of Java threads
#   Decrease Java thread stack sizes (-Xss)
#   Set larger code cache with -XX:ReservedCodeCacheSize=
#   JVM is running with Unscaled Compressed Oops mode in which the Java heap is
#     placed in the first 4GB address space. The Java Heap base address is the
#     maximum limit for the native heap growth. Please use -XX:HeapBaseMinAddress
#     to set the Java Heap base and to place the Java Heap above 4GB virtual address.
# This output file may be truncated or incomplete.
#
#  Out of Memory Error (arena.cpp:78), pid=19796, tid=10116
#
# JRE version: OpenJDK Runtime Environment Temurin-17.0.1+12 (17.0.1+12) (build 17.0.1+12)
# Java VM: OpenJDK 64-Bit Server VM Temurin-17.0.1+12 (17.0.1+12, mixed mode, tiered, compressed oops, compressed class ptrs, g1 gc, windows-amd64)
# No core dump will be written. Minidumps are not enabled by default on client versions of Windows
#

---------------  S U M M A R Y ------------

Command Line: -Dfile.encoding=UTF-8 -XX:+ShowCodeDetailsInExceptionMessages com.apigateway.ApiGateway.ApiGatewayApplication

Host: Intel(R) Core(TM) i5-7200U CPU @ 2.50GHz, 4 cores, 7G,  Windows 10 , 64 bit Build 19041 (10.0.19041.1889)
Time: Thu Sep 15 11:19:40 2022 India Standard Time elapsed time: 1055.958548 seconds (0d 0h 17m 35s)

---------------  T H R E A D  ---------------

Current thread (0x0000027b39115730):  JavaThread "C2 CompilerThread0" daemon [_thread_in_native, id=10116, stack(0x000000d290f00000,0x000000d291000000)]


Current CompileTask:
C2:1055969 5960       4       org.springframework.boot.context.properties.source.ConfigurationPropertyName::isAncestorOf (25 bytes)

Stack: [0x000000d290f00000,0x000000d291000000]
Native frames: (J=compiled Java code, j=interpreted, Vv=VM code, C=native code)
V  [jvm.dll+0x6744da]
V  [jvm.dll+0x82e144]
V  [jvm.dll+0x82f8ee]
V  [jvm.dll+0x82ff53]
V  [jvm.dll+0x245175]
V  [jvm.dll+0xabaa0]
V  [jvm.dll+0xabdec]
V  [jvm.dll+0x905a4]
V  [jvm.dll+0x6004f5]
V  [jvm.dll+0x6009c4]
V  [jvm.dll+0x60062c]
V  [jvm.dll+0x60610b]
V  [jvm.dll+0x606ed2]
V  [jvm.dll+0x605434]
V  [jvm.dll+0x217ea8]
V  [jvm.dll+0x217451]
V  [jvm.dll+0x1a355d]
V  [jvm.dll+0x226e38]
V  [jvm.dll+0x224f7c]
V  [jvm.dll+0x7e3f5b]
V  [jvm.dll+0x7de51a]
V  [jvm.dll+0x673305]
C  [ucrtbase.dll+0x21bb2]
C  [KERNEL32.DLL+0x17034]
C  [ntdll.dll+0x52651]


---------------  P R O C E S S  ---------------

Threads class SMR info:
_java_thread_list=0x0000027b3a92b1a0, length=23, elements={
0x0000027b3872aed0, 0x0000027b3872bf80, 0x0000027b387761d0, 0x0000027b391060a0,
0x0000027b39106960, 0x0000027b39109f70, 0x0000027b39115730, 0x0000027b3911ec10,
0x0000027b39172390, 0x0000027b39288300, 0x0000027b39285c80, 0x0000027b39288ca0,
0x0000027b39289170, 0x0000027b39287490, 0x0000027b3980b4d0, 0x0000027b39807170,
0x0000027b39807640, 0x0000027b3980b000, 0x0000027b3980a660, 0x0000027b39804fc0,
0x0000027b3980c810, 0x0000027b3980ab30, 0x0000027b398097f0
}

Java Threads: ( => current thread )
  0x0000027b3872aed0 JavaThread "Reference Handler" daemon [_thread_blocked, id=332, stack(0x000000d290900000,0x000000d290a00000)]
  0x0000027b3872bf80 JavaThread "Finalizer" daemon [_thread_blocked, id=9240, stack(0x000000d290a00000,0x000000d290b00000)]
  0x0000027b387761d0 JavaThread "Signal Dispatcher" daemon [_thread_blocked, id=18468, stack(0x000000d290b00000,0x000000d290c00000)]
  0x0000027b391060a0 JavaThread "Attach Listener" daemon [_thread_blocked, id=5792, stack(0x000000d290c00000,0x000000d290d00000)]
  0x0000027b39106960 JavaThread "Service Thread" daemon [_thread_blocked, id=17600, stack(0x000000d290d00000,0x000000d290e00000)]
  0x0000027b39109f70 JavaThread "Monitor Deflation Thread" daemon [_thread_blocked, id=11204, stack(0x000000d290e00000,0x000000d290f00000)]
=>0x0000027b39115730 JavaThread "C2 CompilerThread0" daemon [_thread_in_native, id=10116, stack(0x000000d290f00000,0x000000d291000000)]
  0x0000027b3911ec10 JavaThread "C1 CompilerThread0" daemon [_thread_blocked, id=8696, stack(0x000000d291000000,0x000000d291100000)]
  0x0000027b39172390 JavaThread "Sweeper thread" daemon [_thread_blocked, id=1336, stack(0x000000d291100000,0x000000d291200000)]
  0x0000027b39288300 JavaThread "Notification Thread" daemon [_thread_blocked, id=1264, stack(0x000000d291200000,0x000000d291300000)]
  0x0000027b39285c80 JavaThread "Common-Cleaner" daemon [_thread_blocked, id=20448, stack(0x000000d291400000,0x000000d291500000)]
  0x0000027b39288ca0 JavaThread "boundedElastic-evictor-1" daemon [_thread_blocked, id=16296, stack(0x000000d291900000,0x000000d291a00000)]
  0x0000027b39289170 JavaThread "spring.cloud.inetutils" daemon [_thread_blocked, id=19616, stack(0x000000d291a00000,0x000000d291b00000)]
  0x0000027b39287490 JavaThread "AsyncResolver-bootstrap-0" daemon [_thread_blocked, id=15932, stack(0x000000d291b00000,0x000000d291c00000)]
  0x0000027b3980b4d0 JavaThread "DiscoveryClient-0" daemon [_thread_blocked, id=11048, stack(0x000000d291c00000,0x000000d291d00000)]
  0x0000027b39807170 JavaThread "DiscoveryClient-1" daemon [_thread_blocked, id=19368, stack(0x000000d291d00000,0x000000d291e00000)]
  0x0000027b39807640 JavaThread "DiscoveryClient-InstanceInfoReplicator-0" daemon [_thread_blocked, id=18796, stack(0x000000d291e00000,0x000000d291f00000)]
  0x0000027b3980b000 JavaThread "reactor-http-nio-1" daemon [_thread_in_native, id=11704, stack(0x000000d291700000,0x000000d291800000)]
  0x0000027b3980a660 JavaThread "server" [_thread_blocked, id=8568, stack(0x000000d291f00000,0x000000d292000000)]
  0x0000027b39804fc0 JavaThread "DestroyJavaVM" [_thread_blocked, id=14016, stack(0x000000d290200000,0x000000d290300000)]
  0x0000027b3980c810 JavaThread "DiscoveryClient-CacheRefreshExecutor-0" daemon [_thread_in_native, id=12440, stack(0x000000d292200000,0x000000d292300000)]
  0x0000027b3980ab30 JavaThread "DiscoveryClient-HeartbeatExecutor-0" daemon [_thread_in_native, id=13172, stack(0x000000d292300000,0x000000d292400000)]
  0x0000027b398097f0 JavaThread "AsyncResolver-bootstrap-executor-0" daemon [_thread_blocked, id=11412, stack(0x000000d290100000,0x000000d290200000)]

Other Threads:
  0x0000027b38743810 VMThread "VM Thread" [stack: 0x000000d290800000,0x000000d290900000] [id=13864]
  0x0000027b1f101b10 WatcherThread [stack: 0x000000d291300000,0x000000d291400000] [id=19380]
  0x0000027b1f0e3cd0 GCTaskThread "GC Thread#0" [stack: 0x000000d290300000,0x000000d290400000] [id=14212]
  0x0000027b393ebc20 GCTaskThread "GC Thread#1" [stack: 0x000000d291500000,0x000000d291600000] [id=1604]
  0x0000027b393ebed0 GCTaskThread "GC Thread#2" [stack: 0x000000d291600000,0x000000d291700000] [id=16800]
  0x0000027b3a26cbd0 GCTaskThread "GC Thread#3" [stack: 0x000000d291800000,0x000000d291900000] [id=3816]
  0x0000027b1f0f6000 ConcurrentGCThread "G1 Main Marker" [stack: 0x000000d290400000,0x000000d290500000] [id=15452]
  0x0000027b1f0f6a10 ConcurrentGCThread "G1 Conc#0" [stack: 0x000000d290500000,0x000000d290600000] [id=19092]
  0x0000027b1f162300 ConcurrentGCThread "G1 Refine#0" [stack: 0x000000d290600000,0x000000d290700000] [id=17584]
  0x0000027b1f162d20 ConcurrentGCThread "G1 Service" [stack: 0x000000d290700000,0x000000d290800000] [id=14516]

Threads with active compile tasks:
C2 CompilerThread0  1114395 5960       4       org.springframework.boot.context.properties.source.ConfigurationPropertyName::isAncestorOf (25 bytes)

VM state: not at safepoint (normal execution)

VM Mutex/Monitor currently owned by a thread: None

Heap address: 0x0000000081e00000, size: 2018 MB, Compressed Oops mode: 32-bit

CDS archive(s) not mapped
Compressed class space mapped at: 0x0000000100000000-0x0000000140000000, reserved size: 1073741824
Narrow klass base: 0x0000000000000000, Narrow klass shift: 3, Narrow klass range: 0x140000000

GC Precious Log:
 CPUs: 4 total, 4 available
 Memory: 8066M
 Large Page Support: Disabled
 NUMA Support: Disabled
 Compressed Oops: Enabled (32-bit)
 Heap Region Size: 1M
 Heap Min Capacity: 8M
 Heap Initial Capacity: 128M
 Heap Max Capacity: 2018M
 Pre-touch: Disabled
 Parallel Workers: 4
 Concurrent Workers: 1
 Concurrent Refinement Workers: 4
 Periodic GC: Disabled

Heap:
 garbage-first heap   total 46080K, used 30500K [0x0000000081e00000, 0x0000000100000000)
  region size 1024K, 8 young (8192K), 2 survivors (2048K)
 Metaspace       used 53459K, committed 53824K, reserved 1097728K
  class space    used 6612K, committed 6784K, reserved 1048576K

Heap Regions: E=young(eden), S=young(survivor), O=old, HS=humongous(starts), HC=humongous(continues), CS=collection set, F=free, OA=open archive, CA=closed archive, TAMS=top-at-mark-start (previous, next)
|   0|0x0000000081e00000, 0x0000000081f00000, 0x0000000081f00000|100%| O|  |TAMS 0x0000000081f00000, 0x0000000081e00000| Untracked 
|   1|0x0000000081f00000, 0x0000000082000000, 0x0000000082000000|100%| O|  |TAMS 0x0000000082000000, 0x0000000081f00000| Untracked 
|   2|0x0000000082000000, 0x0000000082100000, 0x0000000082100000|100%| O|  |TAMS 0x0000000082100000, 0x0000000082000000| Untracked 
|   3|0x0000000082100000, 0x0000000082200000, 0x0000000082200000|100%| O|  |TAMS 0x0000000082200000, 0x0000000082100000| Untracked 
|   4|0x0000000082200000, 0x00000000822d7c00, 0x0000000082300000| 84%| O|  |TAMS 0x00000000822d7c00, 0x0000000082200000| Untracked 
|   5|0x0000000082300000, 0x0000000082400000, 0x0000000082400000|100%| O|  |TAMS 0x0000000082400000, 0x0000000082300000| Untracked 
|   6|0x0000000082400000, 0x0000000082500000, 0x0000000082500000|100%| O|  |TAMS 0x0000000082500000, 0x0000000082400000| Untracked 
|   7|0x0000000082500000, 0x0000000082600000, 0x0000000082600000|100%| O|  |TAMS 0x0000000082600000, 0x0000000082500000| Untracked 
|   8|0x0000000082600000, 0x0000000082700000, 0x0000000082700000|100%| O|  |TAMS 0x0000000082700000, 0x0000000082600000| Untracked 
|   9|0x0000000082700000, 0x0000000082800000, 0x0000000082800000|100%| O|  |TAMS 0x0000000082800000, 0x0000000082700000| Untracked 
|  10|0x0000000082800000, 0x0000000082900000, 0x0000000082900000|100%| O|  |TAMS 0x0000000082900000, 0x0000000082800000| Untracked 
|  11|0x0000000082900000, 0x0000000082a00000, 0x0000000082a00000|100%| O|  |TAMS 0x0000000082a00000, 0x0000000082900000| Untracked 
|  12|0x0000000082a00000, 0x0000000082b00000, 0x0000000082b00000|100%| O|  |TAMS 0x0000000082b00000, 0x0000000082a00000| Untracked 
|  13|0x0000000082b00000, 0x0000000082c00000, 0x0000000082c00000|100%| O|  |TAMS 0x0000000082c00000, 0x0000000082b00000| Untracked 
|  14|0x0000000082c00000, 0x0000000082d00000, 0x0000000082d00000|100%| O|  |TAMS 0x0000000082d00000, 0x0000000082c00000| Untracked 
|  15|0x0000000082d00000, 0x0000000082e00000, 0x0000000082e00000|100%| O|  |TAMS 0x0000000082e00000, 0x0000000082d00000| Untracked 
|  16|0x0000000082e00000, 0x0000000082f00000, 0x0000000082f00000|100%| O|  |TAMS 0x0000000082f00000, 0x0000000082e00000| Untracked 
|  17|0x0000000082f00000, 0x0000000083000000, 0x0000000083000000|100%| O|  |TAMS 0x0000000083000000, 0x0000000082f00000| Untracked 
|  18|0x0000000083000000, 0x0000000083100000, 0x0000000083100000|100%| O|  |TAMS 0x0000000083100000, 0x0000000083000000| Untracked 
|  19|0x0000000083100000, 0x0000000083200000, 0x0000000083200000|100%| O|  |TAMS 0x0000000083200000, 0x0000000083100000| Untracked 
|  20|0x0000000083200000, 0x0000000083300000, 0x0000000083300000|100%| O|  |TAMS 0x0000000083300000, 0x0000000083200000| Untracked 
|  21|0x0000000083300000, 0x0000000083400000, 0x0000000083400000|100%| O|  |TAMS 0x00000000833c4600, 0x0000000083300000| Untracked 
|  22|0x0000000083400000, 0x0000000083500000, 0x0000000083500000|100%| O|  |TAMS 0x0000000083400000, 0x0000000083400000| Untracked 
|  23|0x0000000083500000, 0x0000000083543000, 0x0000000083600000| 26%| O|  |TAMS 0x0000000083500000, 0x0000000083500000| Untracked 
|  24|0x0000000083600000, 0x0000000083600000, 0x0000000083700000|  0%| F|  |TAMS 0x0000000083600000, 0x0000000083600000| Untracked 
|  25|0x0000000083700000, 0x0000000083700000, 0x0000000083800000|  0%| F|  |TAMS 0x0000000083700000, 0x0000000083700000| Untracked 
|  26|0x0000000083800000, 0x0000000083800000, 0x0000000083900000|  0%| F|  |TAMS 0x0000000083800000, 0x0000000083800000| Untracked 
|  27|0x0000000083900000, 0x0000000083900000, 0x0000000083a00000|  0%| F|  |TAMS 0x0000000083900000, 0x0000000083900000| Untracked 
|  28|0x0000000083a00000, 0x0000000083a00000, 0x0000000083b00000|  0%| F|  |TAMS 0x0000000083a00000, 0x0000000083a00000| Untracked 
|  29|0x0000000083b00000, 0x0000000083b00000, 0x0000000083c00000|  0%| F|  |TAMS 0x0000000083b00000, 0x0000000083b00000| Untracked 
|  30|0x0000000083c00000, 0x0000000083c00000, 0x0000000083d00000|  0%| F|  |TAMS 0x0000000083c00000, 0x0000000083c00000| Untracked 
|  31|0x0000000083d00000, 0x0000000083dae598, 0x0000000083e00000| 68%| S|CS|TAMS 0x0000000083d00000, 0x0000000083d00000| Complete 
|  32|0x0000000083e00000, 0x0000000083f00000, 0x0000000083f00000|100%| S|CS|TAMS 0x0000000083e00000, 0x0000000083e00000| Complete 
|  33|0x0000000083f00000, 0x0000000083f00000, 0x0000000084000000|  0%| F|  |TAMS 0x0000000083f00000, 0x0000000083f00000| Untracked 
|  34|0x0000000084000000, 0x0000000084000000, 0x0000000084100000|  0%| F|  |TAMS 0x0000000084000000, 0x0000000084000000| Untracked 
|  35|0x0000000084100000, 0x0000000084100000, 0x0000000084200000|  0%| F|  |TAMS 0x0000000084100000, 0x0000000084100000| Untracked 
|  36|0x0000000084200000, 0x0000000084200000, 0x0000000084300000|  0%| F|  |TAMS 0x0000000084200000, 0x0000000084200000| Untracked 
|  37|0x0000000084300000, 0x0000000084300000, 0x0000000084400000|  0%| F|  |TAMS 0x0000000084300000, 0x0000000084300000| Untracked 
|  38|0x0000000084400000, 0x0000000084400000, 0x0000000084500000|  0%| F|  |TAMS 0x0000000084400000, 0x0000000084400000| Untracked 
| 110|0x0000000088c00000, 0x0000000088c54d68, 0x0000000088d00000| 33%| E|  |TAMS 0x0000000088c00000, 0x0000000088c00000| Complete 
| 111|0x0000000088d00000, 0x0000000088e00000, 0x0000000088e00000|100%| E|CS|TAMS 0x0000000088d00000, 0x0000000088d00000| Complete 
| 112|0x0000000088e00000, 0x0000000088f00000, 0x0000000088f00000|100%| E|CS|TAMS 0x0000000088e00000, 0x0000000088e00000| Complete 
| 113|0x0000000088f00000, 0x0000000089000000, 0x0000000089000000|100%| E|CS|TAMS 0x0000000088f00000, 0x0000000088f00000| Complete 
| 114|0x0000000089000000, 0x0000000089100000, 0x0000000089100000|100%| E|CS|TAMS 0x0000000089000000, 0x0000000089000000| Complete 
| 127|0x0000000089d00000, 0x0000000089e00000, 0x0000000089e00000|100%| E|CS|TAMS 0x0000000089d00000, 0x0000000089d00000| Complete 

Card table byte_map: [0x0000027b31b40000,0x0000027b31f40000] _byte_map_base: 0x0000027b31731000

Marking Bits (Prev, Next): (CMBitMap*) 0x0000027b1f0e4320, (CMBitMap*) 0x0000027b1f0e42e0
 Prev Bits: [0x0000027b342d0000, 0x0000027b36258000)
 Next Bits: [0x0000027b32340000, 0x0000027b342c8000)

Polling page: 0x0000027b1d070000

Metaspace:

Usage:
  Non-class:     45.75 MB used.
      Class:      6.46 MB used.
       Both:     52.21 MB used.

Virtual space:
  Non-class space:       48.00 MB reserved,      45.94 MB ( 96%) committed,  6 nodes.
      Class space:        1.00 GB reserved,       6.62 MB ( <1%) committed,  1 nodes.
             Both:        1.05 GB reserved,      52.56 MB (  5%) committed. 

Chunk freelists:
   Non-Class:  1.44 MB
       Class:  1.38 MB
        Both:  2.82 MB

MaxMetaspaceSize: unlimited
CompressedClassSpaceSize: 1.00 GB
Initial GC threshold: 21.00 MB
Current GC threshold: 84.38 MB
CDS: off
MetaspaceReclaimPolicy: balanced
 - commit_granule_bytes: 65536.
 - commit_granule_words: 8192.
 - virtual_space_node_default_size: 1048576.
 - enlarge_chunks_in_place: 1.
 - new_chunks_are_fully_committed: 0.
 - uncommit_free_chunks: 1.
 - use_allocation_guard: 0.
 - handle_deallocations: 1.


Internal statistics:

num_allocs_failed_limit: 6.
num_arena_births: 452.
num_arena_deaths: 0.
num_vsnodes_births: 7.
num_vsnodes_deaths: 0.
num_space_committed: 841.
num_space_uncommitted: 0.
num_chunks_returned_to_freelist: 6.
num_chunks_taken_from_freelist: 1994.
num_chunk_merges: 6.
num_chunk_splits: 1364.
num_chunks_enlarged: 1036.
num_purges: 0.
num_inconsistent_stats: 0.

CodeHeap 'non-profiled nmethods': size=120000Kb used=2925Kb max_used=2925Kb free=117074Kb
 bounds [0x0000027b2a210000, 0x0000027b2a4f0000, 0x0000027b31740000]
CodeHeap 'profiled nmethods': size=120000Kb used=10584Kb max_used=11127Kb free=109415Kb
 bounds [0x0000027b22ce0000, 0x0000027b237c0000, 0x0000027b2a210000]
CodeHeap 'non-nmethods': size=5760Kb used=1273Kb max_used=1347Kb free=4486Kb
 bounds [0x0000027b22740000, 0x0000027b229b0000, 0x0000027b22ce0000]
 total_blobs=5736 nmethods=5144 adapters=504
 compilation: enabled
              stopped_count=0, restarted_count=0
 full_count=0

Compilation events (20 events):
Event: 1008.675 Thread 0x0000027b3911ec10 5951       3       java.lang.Long::parseLong (272 bytes)
Event: 1008.907 Thread 0x0000027b3911ec10 nmethod 5951 0x0000027b22d06410 code [0x0000027b22d068a0, 0x0000027b22d087b8]
Event: 1015.564 Thread 0x0000027b3911ec10 5952       3       jdk.internal.misc.Unsafe::checkOffset (32 bytes)
Event: 1015.565 Thread 0x0000027b3911ec10 nmethod 5952 0x0000027b22d83090 code [0x0000027b22d83240, 0x0000027b22d834a8]
Event: 1015.572 Thread 0x0000027b3911ec10 5954       3       org.springframework.boot.context.properties.source.MapConfigurationPropertySource::iterator (10 bytes)
Event: 1015.573 Thread 0x0000027b39115730 5960       4       org.springframework.boot.context.properties.source.ConfigurationPropertyName::isAncestorOf (25 bytes)
Event: 1015.574 Thread 0x0000027b3911ec10 nmethod 5954 0x0000027b22d05f90 code [0x0000027b22d06140, 0x0000027b22d06308]
Event: 1015.574 Thread 0x0000027b3911ec10 5955       3       org.springframework.boot.context.properties.source.SpringIterableConfigurationPropertySource::iterator (12 bytes)
Event: 1015.721 Thread 0x0000027b3911ec10 nmethod 5955 0x0000027b22d05a10 code [0x0000027b22d05bc0, 0x0000027b22d05e88]
Event: 1015.721 Thread 0x0000027b3911ec10 5961       3       org.springframework.boot.context.properties.source.ConfigurationPropertyState::search (56 bytes)
Event: 1015.762 Thread 0x0000027b3911ec10 nmethod 5961 0x0000027b22e33510 code [0x0000027b22e33740, 0x0000027b22e33f18]
Event: 1015.762 Thread 0x0000027b3911ec10 5956       3       org.springframework.boot.context.properties.source.SpringIterableConfigurationPropertySource$ConfigurationPropertyNamesIterator::<init> (15 bytes)
Event: 1015.763 Thread 0x0000027b3911ec10 nmethod 5956 0x0000027b22d05610 code [0x0000027b22d057a0, 0x0000027b22d05958]
Event: 1015.763 Thread 0x0000027b3911ec10 5957       3       org.springframework.boot.context.properties.source.SpringIterableConfigurationPropertySource$ConfigurationPropertyNamesIterator::next (5 bytes)
Event: 1015.764 Thread 0x0000027b3911ec10 nmethod 5957 0x0000027b22d05190 code [0x0000027b22d05340, 0x0000027b22d05488]
Event: 1015.764 Thread 0x0000027b3911ec10 5958       3       org.springframework.boot.context.properties.source.SpringIterableConfigurationPropertySource$ConfigurationPropertyNamesIterator::next (41 bytes)
Event: 1015.765 Thread 0x0000027b3911ec10 nmethod 5958 0x0000027b22e32f90 code [0x0000027b22e33140, 0x0000027b22e333b8]
Event: 1015.765 Thread 0x0000027b3911ec10 5959       3       org.springframework.boot.context.properties.source.IterableConfigurationPropertySource$$Lambda$776/0x000000010065a8f8::test (12 bytes)
Event: 1015.767 Thread 0x0000027b3911ec10 nmethod 5959 0x0000027b22e32610 code [0x0000027b22e32800, 0x0000027b22e32d58]
Event: 1015.767 Thread 0x0000027b3911ec10 5963       3       org.springframework.boot.context.properties.bind.BindHandler::onSuccess (3 bytes)

GC Heap History (20 events):
Event: 4.568 GC heap before
{Heap before GC invocations=8 (full 0):
 garbage-first heap   total 37888K, used 27867K [0x0000000081e00000, 0x0000000100000000)
  region size 1024K, 17 young (17408K), 2 survivors (2048K)
 Metaspace       used 30366K, committed 30592K, reserved 1081344K
  class space    used 3531K, committed 3648K, reserved 1048576K
}
Event: 4.574 GC heap after
{Heap after GC invocations=9 (full 0):
 garbage-first heap   total 37888K, used 13556K [0x0000000081e00000, 0x0000000100000000)
  region size 1024K, 3 young (3072K), 3 survivors (3072K)
 Metaspace       used 30366K, committed 30592K, reserved 1081344K
  class space    used 3531K, committed 3648K, reserved 1048576K
}
Event: 5.284 GC heap before
{Heap before GC invocations=9 (full 0):
 garbage-first heap   total 37888K, used 27892K [0x0000000081e00000, 0x0000000100000000)
  region size 1024K, 17 young (17408K), 3 survivors (3072K)
 Metaspace       used 33422K, committed 33728K, reserved 1081344K
  class space    used 3938K, committed 4096K, reserved 1048576K
}
Event: 5.294 GC heap after
{Heap after GC invocations=10 (full 0):
 garbage-first heap   total 37888K, used 14672K [0x0000000081e00000, 0x0000000100000000)
  region size 1024K, 3 young (3072K), 3 survivors (3072K)
 Metaspace       used 33422K, committed 33728K, reserved 1081344K
  class space    used 3938K, committed 4096K, reserved 1048576K
}
Event: 5.669 GC heap before
{Heap before GC invocations=10 (full 0):
 garbage-first heap   total 37888K, used 21840K [0x0000000081e00000, 0x0000000100000000)
  region size 1024K, 12 young (12288K), 3 survivors (3072K)
 Metaspace       used 35899K, committed 36096K, reserved 1081344K
  class space    used 4304K, committed 4416K, reserved 1048576K
}
Event: 5.677 GC heap after
{Heap after GC invocations=11 (full 0):
 garbage-first heap   total 46080K, used 15685K [0x0000000081e00000, 0x0000000100000000)
  region size 1024K, 1 young (1024K), 1 survivors (1024K)
 Metaspace       used 35899K, committed 36096K, reserved 1081344K
  class space    used 4304K, committed 4416K, reserved 1048576K
}
Event: 6.635 GC heap before
{Heap before GC invocations=12 (full 0):
 garbage-first heap   total 46080K, used 33093K [0x0000000081e00000, 0x0000000100000000)
  region size 1024K, 19 young (19456K), 1 survivors (1024K)
 Metaspace       used 38213K, committed 38528K, reserved 1089536K
  class space    used 4597K, committed 4736K, reserved 1048576K
}
Event: 6.642 GC heap after
{Heap after GC invocations=13 (full 0):
 garbage-first heap   total 46080K, used 17079K [0x0000000081e00000, 0x0000000100000000)
  region size 1024K, 3 young (3072K), 3 survivors (3072K)
 Metaspace       used 38213K, committed 38528K, reserved 1089536K
  class space    used 4597K, committed 4736K, reserved 1048576K
}
Event: 7.488 GC heap before
{Heap before GC invocations=13 (full 0):
 garbage-first heap   total 46080K, used 33463K [0x0000000081e00000, 0x0000000100000000)
  region size 1024K, 20 young (20480K), 3 survivors (3072K)
 Metaspace       used 40278K, committed 40576K, reserved 1089536K
  class space    used 4903K, committed 5056K, reserved 1048576K
}
Event: 7.493 GC heap after
{Heap after GC invocations=14 (full 0):
 garbage-first heap   total 46080K, used 18017K [0x0000000081e00000, 0x0000000100000000)
  region size 1024K, 3 young (3072K), 3 survivors (3072K)
 Metaspace       used 40278K, committed 40576K, reserved 1089536K
  class space    used 4903K, committed 5056K, reserved 1048576K
}
Event: 7.973 GC heap before
{Heap before GC invocations=14 (full 0):
 garbage-first heap   total 46080K, used 34401K [0x0000000081e00000, 0x0000000100000000)
  region size 1024K, 19 young (19456K), 3 survivors (3072K)
 Metaspace       used 42451K, committed 42816K, reserved 1089536K
  class space    used 5201K, committed 5376K, reserved 1048576K
}
Event: 7.981 GC heap after
{Heap after GC invocations=15 (full 0):
 garbage-first heap   total 46080K, used 19493K [0x0000000081e00000, 0x0000000100000000)
  region size 1024K, 3 young (3072K), 3 survivors (3072K)
 Metaspace       used 42451K, committed 42816K, reserved 1089536K
  class space    used 5201K, committed 5376K, reserved 1048576K
}
Event: 11.345 GC heap before
{Heap before GC invocations=15 (full 0):
 garbage-first heap   total 46080K, used 35877K [0x0000000081e00000, 0x0000000100000000)
  region size 1024K, 19 young (19456K), 3 survivors (3072K)
 Metaspace       used 46798K, committed 47168K, reserved 1097728K
  class space    used 5753K, committed 5952K, reserved 1048576K
}
Event: 11.383 GC heap after
{Heap after GC invocations=16 (full 0):
 garbage-first heap   total 46080K, used 21933K [0x0000000081e00000, 0x0000000100000000)
  region size 1024K, 3 young (3072K), 3 survivors (3072K)
 Metaspace       used 46798K, committed 47168K, reserved 1097728K
  class space    used 5753K, committed 5952K, reserved 1048576K
}
Event: 13.275 GC heap before
{Heap before GC invocations=16 (full 0):
 garbage-first heap   total 46080K, used 34221K [0x0000000081e00000, 0x0000000100000000)
  region size 1024K, 16 young (16384K), 3 survivors (3072K)
 Metaspace       used 48919K, committed 49344K, reserved 1097728K
  class space    used 6054K, committed 6272K, reserved 1048576K
}
Event: 13.285 GC heap after
{Heap after GC invocations=17 (full 0):
 garbage-first heap   total 46080K, used 24077K [0x0000000081e00000, 0x0000000100000000)
  region size 1024K, 2 young (2048K), 2 survivors (2048K)
 Metaspace       used 48919K, committed 49344K, reserved 1097728K
  class space    used 6054K, committed 6272K, reserved 1048576K
}
Event: 15.611 GC heap before
{Heap before GC invocations=17 (full 0):
 garbage-first heap   total 46080K, used 35341K [0x0000000081e00000, 0x0000000100000000)
  region size 1024K, 13 young (13312K), 2 survivors (2048K)
 Metaspace       used 51239K, committed 51648K, reserved 1097728K
  class space    used 6351K, committed 6528K, reserved 1048576K
}
Event: 15.619 GC heap after
{Heap after GC invocations=18 (full 0):
 garbage-first heap   total 46080K, used 24683K [0x0000000081e00000, 0x0000000100000000)
  region size 1024K, 1 young (1024K), 1 survivors (1024K)
 Metaspace       used 51239K, committed 51648K, reserved 1097728K
  class space    used 6351K, committed 6528K, reserved 1048576K
}
Event: 464.160 GC heap before
{Heap before GC invocations=19 (full 0):
 garbage-first heap   total 46080K, used 35947K [0x0000000081e00000, 0x0000000100000000)
  region size 1024K, 12 young (12288K), 1 survivors (1024K)
 Metaspace       used 53250K, committed 53632K, reserved 1097728K
  class space    used 6606K, committed 6784K, reserved 1048576K
}
Event: 464.169 GC heap after
{Heap after GC invocations=20 (full 0):
 garbage-first heap   total 46080K, used 25380K [0x0000000081e00000, 0x0000000100000000)
  region size 1024K, 2 young (2048K), 2 survivors (2048K)
 Metaspace       used 53250K, committed 53632K, reserved 1097728K
  class space    used 6606K, committed 6784K, reserved 1048576K
}

Deoptimization events (20 events):
Event: 13.710 Thread 0x0000027b1f0a3490 DEOPT PACKING pc=0x0000027b23739bdb sp=0x000000d2902fba20
Event: 13.710 Thread 0x0000027b1f0a3490 DEOPT UNPACKING pc=0x0000027b22792b43 sp=0x000000d2902faf30 mode 0
Event: 13.727 Thread 0x0000027b1f0a3490 DEOPT PACKING pc=0x0000027b23739bba sp=0x000000d2902fc790
Event: 13.727 Thread 0x0000027b1f0a3490 DEOPT UNPACKING pc=0x0000027b22792b43 sp=0x000000d2902fbca0 mode 0
Event: 18.268 Thread 0x0000027b1f0a3490 Uncommon trap: trap_request=0xffffff45 fr.pc=0x0000027b2a4ca530 relative=0x00000000000006f0
Event: 18.268 Thread 0x0000027b1f0a3490 Uncommon trap: reason=unstable_if action=reinterpret pc=0x0000027b2a4ca530 method=java.lang.Integer.stringSize(I)I @ 19 c2
Event: 18.268 Thread 0x0000027b1f0a3490 DEOPT PACKING pc=0x0000027b2a4ca530 sp=0x000000d2902fb670
Event: 18.268 Thread 0x0000027b1f0a3490 DEOPT UNPACKING pc=0x0000027b227923a3 sp=0x000000d2902fb5a8 mode 2
Event: 28.996 Thread 0x0000027b1f0a3490 Uncommon trap: trap_request=0xffffff45 fr.pc=0x0000027b2a2882e0 relative=0x0000000000000060
Event: 28.996 Thread 0x0000027b1f0a3490 Uncommon trap: reason=unstable_if action=reinterpret pc=0x0000027b2a2882e0 method=org.springframework.util.ConcurrentReferenceHashMap$Segment.clear()V @ 7 c2
Event: 28.996 Thread 0x0000027b1f0a3490 DEOPT PACKING pc=0x0000027b2a2882e0 sp=0x000000d2902feff0
Event: 28.996 Thread 0x0000027b1f0a3490 DEOPT UNPACKING pc=0x0000027b227923a3 sp=0x000000d2902fef80 mode 2
Event: 43.581 Thread 0x0000027b3980c810 Uncommon trap: trap_request=0xffffffde fr.pc=0x0000027b2a327304 relative=0x0000000000001924
Event: 43.581 Thread 0x0000027b3980c810 Uncommon trap: reason=class_check action=maybe_recompile pc=0x0000027b2a327304 method=java.util.zip.InflaterInputStream.read([BII)I @ 100 c2
Event: 43.581 Thread 0x0000027b3980c810 DEOPT PACKING pc=0x0000027b2a327304 sp=0x000000d2922fe690
Event: 43.581 Thread 0x0000027b3980c810 DEOPT UNPACKING pc=0x0000027b227923a3 sp=0x000000d2922fe6e0 mode 2
Event: 43.584 Thread 0x0000027b3980c810 Uncommon trap: trap_request=0xffffffde fr.pc=0x0000027b2a327304 relative=0x0000000000001924
Event: 43.584 Thread 0x0000027b3980c810 Uncommon trap: reason=class_check action=maybe_recompile pc=0x0000027b2a327304 method=java.util.zip.InflaterInputStream.read([BII)I @ 100 c2
Event: 43.585 Thread 0x0000027b3980c810 DEOPT PACKING pc=0x0000027b2a327304 sp=0x000000d2922fd500
Event: 43.585 Thread 0x0000027b3980c810 DEOPT UNPACKING pc=0x0000027b227923a3 sp=0x000000d2922fd550 mode 2

Classes unloaded (0 events):
No events

Classes redefined (0 events):
No events

Internal exceptions (20 events):
Event: 7.234 Thread 0x0000027b1f0a3490 Exception <a 'java/lang/NoSuchMethodError'{0x0000000083d33dd0}: 'int java.lang.invoke.DirectMethodHandle$Holder.invokeVirtual(java.lang.Object, java.lang.Object)'> (0x0000000083d33dd0) 
thrown [e:\jenkins\tmp\workspace\build\src\src\hotspot\share\interpreter\linkResolver.cpp, line 766]
Event: 7.277 Thread 0x0000027b1f0a3490 Exception <a 'java/lang/NoSuchMethodError'{0x0000000083df5c70}: 'void java.lang.invoke.DirectMethodHandle$Holder.invokeVirtual(java.lang.Object, java.lang.Object, int)'> (0x0000000083df5c70) 
thrown [e:\jenkins\tmp\workspace\build\src\src\hotspot\share\interpreter\linkResolver.cpp, line 766]
Event: 7.280 Thread 0x0000027b1f0a3490 Exception <a 'java/lang/NoSuchMethodError'{0x0000000083c0c208}: 'void java.lang.invoke.DirectMethodHandle$Holder.invokeVirtual(java.lang.Object, java.lang.Object, long)'> (0x0000000083c0c208) 
thrown [e:\jenkins\tmp\workspace\build\src\src\hotspot\share\interpreter\linkResolver.cpp, line 766]
Event: 7.580 Thread 0x0000027b1f0a3490 Exception <a 'java/lang/IncompatibleClassChangeError'{0x0000000088ea9fd0}: Found class java.lang.Object, but interface was expected> (0x0000000088ea9fd0) 
thrown [e:\jenkins\tmp\workspace\build\src\src\hotspot\share\interpreter\linkResolver.cpp, line 833]
Event: 7.613 Thread 0x0000027b1f0a3490 Exception <a 'java/lang/IncompatibleClassChangeError'{0x0000000088ddc518}: Found class java.lang.Object, but interface was expected> (0x0000000088ddc518) 
thrown [e:\jenkins\tmp\workspace\build\src\src\hotspot\share\interpreter\linkResolver.cpp, line 833]
Event: 7.664 Thread 0x0000027b1f0a3490 Exception <a 'java/lang/IncompatibleClassChangeError'{0x0000000084484b08}: Found class java.lang.Object, but interface was expected> (0x0000000084484b08) 
thrown [e:\jenkins\tmp\workspace\build\src\src\hotspot\share\interpreter\linkResolver.cpp, line 833]
Event: 7.709 Thread 0x0000027b1f0a3490 Exception <a 'java/lang/IncompatibleClassChangeError'{0x0000000084225570}: Found class java.lang.Object, but interface was expected> (0x0000000084225570) 
thrown [e:\jenkins\tmp\workspace\build\src\src\hotspot\share\interpreter\linkResolver.cpp, line 833]
Event: 7.742 Thread 0x0000027b1f0a3490 Implicit null exception at 0x0000027b2a39d8b4 to 0x0000027b2a39dbf5
Event: 8.544 Thread 0x0000027b1f0a3490 Exception <a 'java/lang/NoSuchMethodError'{0x0000000088c10d28}: 'java.lang.Object java.lang.invoke.DirectMethodHandle$Holder.newInvokeSpecial(java.lang.Object, java.lang.Object, int, java.lang.Object, java.lang.Object)'> (0x0000000088c10d28) 
thrown [e:\jenkins\tmp\workspace\build\src\src\hotspot\share\interpreter\linkResolver.cpp, line 766]
Event: 8.545 Thread 0x0000027b1f0a3490 Exception <a 'java/lang/NoSuchMethodError'{0x0000000088c1c568}: 'java.lang.Object java.lang.invoke.DirectMethodHandle$Holder.invokeSpecial(java.lang.Object, java.lang.Object, int, java.lang.Object, int, java.lang.Object)'> (0x0000000088c1c568) 
thrown [e:\jenkins\tmp\workspace\build\src\src\hotspot\share\interpreter\linkResolver.cpp, line 766]
Event: 8.546 Thread 0x0000027b1f0a3490 Exception <a 'java/lang/NoSuchMethodError'{0x0000000088c24368}: 'java.lang.Object java.lang.invoke.DirectMethodHandle$Holder.newInvokeSpecial(java.lang.Object, java.lang.Object, int, java.lang.Object, int)'> (0x0000000088c24368) 
thrown [e:\jenkins\tmp\workspace\build\src\src\hotspot\share\interpreter\linkResolver.cpp, line 766]
Event: 8.546 Thread 0x0000027b1f0a3490 Exception <a 'java/lang/NoSuchMethodError'{0x0000000088c28468}: 'java.lang.Object java.lang.invoke.DirectMethodHandle$Holder.invokeSpecial(java.lang.Object, java.lang.Object, java.lang.Object, int, java.lang.Object, int)'> (0x0000000088c28468) 
thrown [e:\jenkins\tmp\workspace\build\src\src\hotspot\share\interpreter\linkResolver.cpp, line 766]
Event: 8.693 Thread 0x0000027b1f0a3490 Exception <a 'java/lang/IncompatibleClassChangeError'{0x00000000843738b0}: Found class java.lang.Object, but interface was expected> (0x00000000843738b0) 
thrown [e:\jenkins\tmp\workspace\build\src\src\hotspot\share\interpreter\linkResolver.cpp, line 833]
Event: 8.755 Thread 0x0000027b1f0a3490 Implicit null exception at 0x0000027b2a4832ed to 0x0000027b2a4834b8
Event: 11.148 Thread 0x0000027b1f0a3490 Exception <a 'sun/nio/fs/WindowsException'{0x0000000083db73f8}> (0x0000000083db73f8) 
thrown [e:\jenkins\tmp\workspace\build\src\src\hotspot\share\prims\jni.cpp, line 516]
Event: 11.162 Thread 0x0000027b1f0a3490 Exception <a 'java/lang/NoSuchMethodError'{0x0000000083dd6b20}: 'int java.lang.invoke.DirectMethodHandle$Holder.invokeStaticInit(java.lang.Object, java.lang.Object, java.lang.Object, java.lang.Object)'> (0x0000000083dd6b20) 
thrown [e:\jenkins\tmp\workspace\build\src\src\hotspot\share\interpreter\linkResolver.cpp, line 766]
Event: 18.400 Thread 0x0000027b1f0a3490 Exception <a 'java/lang/UnsatisfiedLinkError'{0x0000000089dcbe78}: 'int io.netty.channel.epoll.Native.offsetofEpollData()'> (0x0000000089dcbe78) 
thrown [e:\jenkins\tmp\workspace\build\src\src\hotspot\share\prims\nativeLookup.cpp, line 543]
Event: 18.402 Thread 0x0000027b1f0a3490 Exception <a 'java/lang/ExceptionInInitializerError'{0x0000000089dcd3a0}> (0x0000000089dcd3a0) 
thrown [e:\jenkins\tmp\workspace\build\src\src\hotspot\share\oops\instanceKlass.cpp, line 1168]
Event: 24.386 Thread 0x0000027b1f0a3490 Exception <a 'java/lang/NoSuchMethodError'{0x0000000088f0f0e0}: 'java.lang.Object java.lang.invoke.DirectMethodHandle$Holder.newInvokeSpecial(java.lang.Object, java.lang.Object, int, java.lang.Object)'> (0x0000000088f0f0e0) 
thrown [e:\jenkins\tmp\workspace\build\src\src\hotspot\share\interpreter\linkResolver.cpp, line 766]
Event: 24.387 Thread 0x0000027b1f0a3490 Exception <a 'java/lang/NoSuchMethodError'{0x0000000088f12ca8}: 'java.lang.Object java.lang.invoke.Invokers$Holder.linkToTargetMethod(java.lang.Object, int, java.lang.Object, java.lang.Object)'> (0x0000000088f12ca8) 
thrown [e:\jenkins\tmp\workspace\build\src\src\hotspot\share\interpreter\linkResolver.cpp, line 766]

VM Operations (20 events):
Event: 797.332 Executing VM operation: Cleanup
Event: 797.720 Executing VM operation: Cleanup done
Event: 829.989 Executing VM operation: Cleanup
Event: 831.064 Executing VM operation: Cleanup done
Event: 858.260 Executing VM operation: Cleanup
Event: 858.324 Executing VM operation: Cleanup done
Event: 860.351 Executing VM operation: Cleanup
Event: 860.553 Executing VM operation: Cleanup done
Event: 888.758 Executing VM operation: Cleanup
Event: 888.758 Executing VM operation: Cleanup done
Event: 892.813 Executing VM operation: Cleanup
Event: 894.108 Executing VM operation: Cleanup done
Event: 925.409 Executing VM operation: Cleanup
Event: 926.469 Executing VM operation: Cleanup done
Event: 948.698 Executing VM operation: Cleanup
Event: 948.698 Executing VM operation: Cleanup done
Event: 986.074 Executing VM operation: Cleanup
Event: 986.075 Executing VM operation: Cleanup done
Event: 1016.367 Executing VM operation: Cleanup
Event: 1016.367 Executing VM operation: Cleanup done

Events (20 events):
Event: 28.279 loading class sun/nio/ch/ServerSocketChannelImpl$DefaultOptionsHolder done
Event: 28.573 Thread 0x0000027b3980b000 Thread added: 0x0000027b3980b000
Event: 28.575 loading class sun/nio/ch/SelectionKeyImpl
Event: 28.576 loading class java/nio/channels/spi/AbstractSelectionKey
Event: 28.576 loading class java/nio/channels/spi/AbstractSelectionKey done
Event: 28.576 loading class sun/nio/ch/SelectionKeyImpl done
Event: 28.578 loading class java/lang/invoke/ConstantBootstraps
Event: 28.579 loading class java/lang/invoke/ConstantBootstraps done
Event: 28.585 loading class java/nio/channels/spi/AbstractSelector$1
Event: 28.585 loading class java/nio/channels/spi/AbstractSelector$1 done
Event: 28.586 loading class java/util/concurrent/locks/AbstractQueuedSynchronizer$SharedNode
Event: 28.586 loading class java/util/concurrent/locks/AbstractQueuedSynchronizer$SharedNode done
Event: 28.596 Thread 0x0000027b3980a660 Thread added: 0x0000027b3980a660
Event: 29.010 loading class jdk/internal/math/FDBigInteger
Event: 29.010 loading class jdk/internal/math/FDBigInteger done
Event: 29.015 Thread 0x0000027b1f0a3490 Thread exited: 0x0000027b1f0a3490
Event: 29.015 Thread 0x0000027b39804fc0 Thread added: 0x0000027b39804fc0
Event: 43.561 Thread 0x0000027b3980c810 Thread added: 0x0000027b3980c810
Event: 43.561 Thread 0x0000027b3980ab30 Thread added: 0x0000027b3980ab30
Event: 308.987 Thread 0x0000027b398097f0 Thread added: 0x0000027b398097f0


Dynamic libraries:
0x00007ff7d65d0000 - 0x00007ff7d65de000 	C:\Users\Shivani Nimbalkar\Downloads\sts-4.13.1.RELEASE\plugins\org.eclipse.justj.openjdk.hotspot.jre.full.win32.x86_64_17.0.1.v20211116-1657\jre\bin\javaw.exe
0x00007ff8e4dd0000 - 0x00007ff8e4fc8000 	C:\WINDOWS\SYSTEM32\ntdll.dll
0x00007ff8e36e0000 - 0x00007ff8e379d000 	C:\WINDOWS\System32\KERNEL32.DLL
0x00007ff8e2540000 - 0x00007ff8e280e000 	C:\WINDOWS\System32\KERNELBASE.dll
0x00007ff8e2810000 - 0x00007ff8e2910000 	C:\WINDOWS\System32\ucrtbase.dll
0x00007ff8b9910000 - 0x00007ff8b9929000 	C:\Users\Shivani Nimbalkar\Downloads\sts-4.13.1.RELEASE\plugins\org.eclipse.justj.openjdk.hotspot.jre.full.win32.x86_64_17.0.1.v20211116-1657\jre\bin\VCRUNTIME140.dll
0x00007ff8d49a0000 - 0x00007ff8d49b8000 	C:\Users\Shivani Nimbalkar\Downloads\sts-4.13.1.RELEASE\plugins\org.eclipse.justj.openjdk.hotspot.jre.full.win32.x86_64_17.0.1.v20211116-1657\jre\bin\jli.dll
0x00007ff8e4850000 - 0x00007ff8e49f0000 	C:\WINDOWS\System32\USER32.dll
0x00007ff8cdbc0000 - 0x00007ff8cde5a000 	C:\WINDOWS\WinSxS\amd64_microsoft.windows.common-controls_6595b64144ccf1df_6.0.19041.1110_none_60b5254171f9507e\COMCTL32.dll
0x00007ff8e2a70000 - 0x00007ff8e2a92000 	C:\WINDOWS\System32\win32u.dll
0x00007ff8e3fe0000 - 0x00007ff8e400a000 	C:\WINDOWS\System32\GDI32.dll
0x00007ff8e2e30000 - 0x00007ff8e2ece000 	C:\WINDOWS\System32\msvcrt.dll
0x00007ff8e2d20000 - 0x00007ff8e2e2b000 	C:\WINDOWS\System32\gdi32full.dll
0x00007ff8e2c80000 - 0x00007ff8e2d1d000 	C:\WINDOWS\System32\msvcp_win.dll
0x00007ff8e2f70000 - 0x00007ff8e2fa0000 	C:\WINDOWS\System32\IMM32.DLL
0x00007ff8d7890000 - 0x00007ff8d789c000 	C:\Users\Shivani Nimbalkar\Downloads\sts-4.13.1.RELEASE\plugins\org.eclipse.justj.openjdk.hotspot.jre.full.win32.x86_64_17.0.1.v20211116-1657\jre\bin\vcruntime140_1.dll
0x00007ff8a7300000 - 0x00007ff8a7391000 	C:\Users\Shivani Nimbalkar\Downloads\sts-4.13.1.RELEASE\plugins\org.eclipse.justj.openjdk.hotspot.jre.full.win32.x86_64_17.0.1.v20211116-1657\jre\bin\msvcp140.dll
0x00007ff864fb0000 - 0x00007ff865bf6000 	C:\Users\Shivani Nimbalkar\Downloads\sts-4.13.1.RELEASE\plugins\org.eclipse.justj.openjdk.hotspot.jre.full.win32.x86_64_17.0.1.v20211116-1657\jre\bin\server\jvm.dll
0x00007ff8e33d0000 - 0x00007ff8e347e000 	C:\WINDOWS\System32\ADVAPI32.dll
0x00007ff8e2ed0000 - 0x00007ff8e2f6c000 	C:\WINDOWS\System32\sechost.dll
0x00007ff8e3530000 - 0x00007ff8e3655000 	C:\WINDOWS\System32\RPCRT4.dll
0x00007ff8e37b0000 - 0x00007ff8e37b8000 	C:\WINDOWS\System32\PSAPI.DLL
0x00007ff8cbd60000 - 0x00007ff8cbd69000 	C:\WINDOWS\SYSTEM32\WSOCK32.dll
0x00007ff8cf470000 - 0x00007ff8cf497000 	C:\WINDOWS\SYSTEM32\WINMM.dll
0x00007ff8e4aa0000 - 0x00007ff8e4b0b000 	C:\WINDOWS\System32\WS2_32.dll
0x00007ff8cf610000 - 0x00007ff8cf61a000 	C:\WINDOWS\SYSTEM32\VERSION.dll
0x00007ff8e03b0000 - 0x00007ff8e03c2000 	C:\WINDOWS\SYSTEM32\kernel.appcore.dll
0x00007ff8d9eb0000 - 0x00007ff8d9eba000 	C:\Users\Shivani Nimbalkar\Downloads\sts-4.13.1.RELEASE\plugins\org.eclipse.justj.openjdk.hotspot.jre.full.win32.x86_64_17.0.1.v20211116-1657\jre\bin\jimage.dll
0x00007ff8cb350000 - 0x00007ff8cb534000 	C:\WINDOWS\SYSTEM32\DBGHELP.DLL
0x00007ff8c3170000 - 0x00007ff8c319c000 	C:\WINDOWS\SYSTEM32\dbgcore.DLL
0x00007ff8e2bf0000 - 0x00007ff8e2c72000 	C:\WINDOWS\System32\bcryptPrimitives.dll
0x00007ff86c7f0000 - 0x00007ff86c815000 	C:\Users\Shivani Nimbalkar\Downloads\sts-4.13.1.RELEASE\plugins\org.eclipse.justj.openjdk.hotspot.jre.full.win32.x86_64_17.0.1.v20211116-1657\jre\bin\java.dll
0x00007ff8bb5d0000 - 0x00007ff8bb5e8000 	C:\Users\Shivani Nimbalkar\Downloads\sts-4.13.1.RELEASE\plugins\org.eclipse.justj.openjdk.hotspot.jre.full.win32.x86_64_17.0.1.v20211116-1657\jre\bin\zip.dll
0x00007ff8e37c0000 - 0x00007ff8e3f04000 	C:\WINDOWS\System32\SHELL32.dll
0x00007ff8e05b0000 - 0x00007ff8e0d44000 	C:\WINDOWS\SYSTEM32\windows.storage.dll
0x00007ff8e3070000 - 0x00007ff8e33c4000 	C:\WINDOWS\System32\combase.dll
0x00007ff8e1e70000 - 0x00007ff8e1ea0000 	C:\WINDOWS\SYSTEM32\Wldp.dll
0x00007ff8e3480000 - 0x00007ff8e352d000 	C:\WINDOWS\System32\SHCORE.dll
0x00007ff8e3f80000 - 0x00007ff8e3fd5000 	C:\WINDOWS\System32\shlwapi.dll
0x00007ff8e2430000 - 0x00007ff8e244f000 	C:\WINDOWS\SYSTEM32\profapi.dll
0x00007ff8a7eb0000 - 0x00007ff8a7ec9000 	C:\Users\Shivani Nimbalkar\Downloads\sts-4.13.1.RELEASE\plugins\org.eclipse.justj.openjdk.hotspot.jre.full.win32.x86_64_17.0.1.v20211116-1657\jre\bin\net.dll
0x00007ff8d0cc0000 - 0x00007ff8d0dca000 	C:\WINDOWS\SYSTEM32\WINHTTP.dll
0x00007ff8e1c50000 - 0x00007ff8e1cba000 	C:\WINDOWS\system32\mswsock.dll
0x00007ff890570000 - 0x00007ff890585000 	C:\Users\Shivani Nimbalkar\Downloads\sts-4.13.1.RELEASE\plugins\org.eclipse.justj.openjdk.hotspot.jre.full.win32.x86_64_17.0.1.v20211116-1657\jre\bin\nio.dll
0x00007ff8d98a0000 - 0x00007ff8d98b0000 	C:\Users\Shivani Nimbalkar\Downloads\sts-4.13.1.RELEASE\plugins\org.eclipse.justj.openjdk.hotspot.jre.full.win32.x86_64_17.0.1.v20211116-1657\jre\bin\verify.dll
0x00007ff8e1910000 - 0x00007ff8e194b000 	C:\WINDOWS\SYSTEM32\IPHLPAPI.DLL
0x00007ff8e37a0000 - 0x00007ff8e37a8000 	C:\WINDOWS\System32\NSI.dll
0x00007ff8d2d70000 - 0x00007ff8d2d87000 	C:\WINDOWS\SYSTEM32\dhcpcsvc6.DLL
0x00007ff8d2d50000 - 0x00007ff8d2d6d000 	C:\WINDOWS\SYSTEM32\dhcpcsvc.DLL
0x00007ff8e1950000 - 0x00007ff8e1a1a000 	C:\WINDOWS\SYSTEM32\DNSAPI.dll
0x00007ff8cd560000 - 0x00007ff8cd56a000 	C:\Windows\System32\rasadhlp.dll
0x00007ff8d0210000 - 0x00007ff8d0290000 	C:\WINDOWS\System32\fwpuclnt.dll
0x00007ff8e2bc0000 - 0x00007ff8e2be7000 	C:\WINDOWS\System32\bcrypt.dll
0x00007ff8d4990000 - 0x00007ff8d4999000 	C:\Users\Shivani Nimbalkar\Downloads\sts-4.13.1.RELEASE\plugins\org.eclipse.justj.openjdk.hotspot.jre.full.win32.x86_64_17.0.1.v20211116-1657\jre\bin\management.dll
0x00007ff8d0420000 - 0x00007ff8d042b000 	C:\Users\Shivani Nimbalkar\Downloads\sts-4.13.1.RELEASE\plugins\org.eclipse.justj.openjdk.hotspot.jre.full.win32.x86_64_17.0.1.v20211116-1657\jre\bin\management_ext.dll
0x00007ff8c38b0000 - 0x00007ff8c38c7000 	C:\WINDOWS\system32\napinsp.dll
0x00007ff8c36f0000 - 0x00007ff8c370b000 	C:\WINDOWS\system32\pnrpnsp.dll
0x00007ff8dbfc0000 - 0x00007ff8dbfd5000 	C:\WINDOWS\system32\wshbth.dll
0x00007ff8dde90000 - 0x00007ff8ddead000 	C:\WINDOWS\system32\NLAapi.dll
0x00007ff8c36d0000 - 0x00007ff8c36e2000 	C:\WINDOWS\System32\winrnr.dll
0x00007ff8e1eb0000 - 0x00007ff8e1ec8000 	C:\WINDOWS\SYSTEM32\CRYPTSP.dll
0x00007ff8e1580000 - 0x00007ff8e15b4000 	C:\WINDOWS\system32\rsaenh.dll
0x00007ff8e23f0000 - 0x00007ff8e241e000 	C:\WINDOWS\SYSTEM32\USERENV.dll
0x00007ff8e1de0000 - 0x00007ff8e1dec000 	C:\WINDOWS\SYSTEM32\CRYPTBASE.dll
0x00007ff8df480000 - 0x00007ff8df48e000 	C:\Users\Shivani Nimbalkar\Downloads\sts-4.13.1.RELEASE\plugins\org.eclipse.justj.openjdk.hotspot.jre.full.win32.x86_64_17.0.1.v20211116-1657\jre\bin\sunmscapi.dll
0x00007ff8e2910000 - 0x00007ff8e2a66000 	C:\WINDOWS\System32\CRYPT32.dll
0x00007ff8e1fc0000 - 0x00007ff8e1fe7000 	C:\WINDOWS\SYSTEM32\ncrypt.dll
0x00007ff8e1f80000 - 0x00007ff8e1fbb000 	C:\WINDOWS\SYSTEM32\NTASN1.dll
0x00007ff8df460000 - 0x00007ff8df467000 	C:\WINDOWS\system32\wshunix.dll

dbghelp: loaded successfully - version: 4.0.5 - missing functions: none
symbol engine: initialized successfully - sym options: 0x614 - pdb path: .;C:\Users\Shivani Nimbalkar\Downloads\sts-4.13.1.RELEASE\plugins\org.eclipse.justj.openjdk.hotspot.jre.full.win32.x86_64_17.0.1.v20211116-1657\jre\bin;C:\WINDOWS\SYSTEM32;C:\WINDOWS\WinSxS\amd64_microsoft.windows.common-controls_6595b64144ccf1df_6.0.19041.1110_none_60b5254171f9507e;C:\Users\Shivani Nimbalkar\Downloads\sts-4.13.1.RELEASE\plugins\org.eclipse.justj.openjdk.hotspot.jre.full.win32.x86_64_17.0.1.v20211116-1657\jre\bin\server

VM Arguments:
jvm_args: -Dfile.encoding=UTF-8 -XX:+ShowCodeDetailsInExceptionMessages 
java_command: com.apigateway.ApiGateway.ApiGatewayApplication
java_class_path (initial): C:\Users\Shivani Nimbalkar\Documents\CG\workspace-spring-tool-suite-4-4.13.1.RELEASE\Api-Gateway.zip_expanded\Api-Gateway\target\classes;C:\Users\Shivani Nimbalkar\.m2\repository\org\springframework\cloud\spring-cloud-starter-gateway\3.1.3\spring-cloud-starter-gateway-3.1.3.jar;C:\Users\Shivani Nimbalkar\.m2\repository\org\springframework\cloud\spring-cloud-starter\3.1.3\spring-cloud-starter-3.1.3.jar;C:\Users\Shivani Nimbalkar\.m2\repository\org\springframework\cloud\spring-cloud-context\3.1.3\spring-cloud-context-3.1.3.jar;C:\Users\Shivani Nimbalkar\.m2\repository\org\springframework\security\spring-security-crypto\5.6.2\spring-security-crypto-5.6.2.jar;C:\Users\Shivani Nimbalkar\.m2\repository\org\springframework\cloud\spring-cloud-commons\3.1.3\spring-cloud-commons-3.1.3.jar;C:\Users\Shivani Nimbalkar\.m2\repository\org\springframework\security\spring-security-rsa\1.0.10.RELEASE\spring-security-rsa-1.0.10.RELEASE.jar;C:\Users\Shivani Nimbalkar\.m2\repository\org\bouncycastle\bcpkix-jdk15on\1.68\bcpkix-jdk15on-1.68.jar;C:\Users\Shivani Nimbalkar\.m2\repository\org\bouncycastle\bcprov-jdk15on\1.68\bcprov-jdk15on-1.68.jar;C:\Users\Shivani Nimbalkar\.m2\repository\org\springframework\cloud\spring-cloud-gateway-server\3.1.3\spring-cloud-gateway-server-3.1.3.jar;C:\Users\Shivani Nimbalkar\.m2\repository\org\springframework\boot\spring-boot-starter-validation\2.6.4\spring-boot-starter-validation-2.6.4.jar;C:\Users\Shivani Nimbalkar\.m2\repository\org\apache\tomcat\embed\tomcat-embed-el\9.0.58\tomcat-embed-el-9.0.58.jar;C:\Users\Shivani Nimbalkar\.m2\repository\org\hibernate\validator\hibernate-validator\6.2.2.Final\hibernate-validator-6.2.2.Final.jar;C:\Users\Shivani Nimbalkar\.m2\repository\jakarta\validation\jakarta.validation-api\2.0.2\jakarta.validation-api-2.0.2.jar;C:\Users\Shivani Nimbalkar\.m2\repository\org\jboss\logging\jboss-logging\3.4.3.Final\jboss-logging-3.4.3.Final.jar;C:\Users\Shivani Nimbalkar\.m2\repository\com\fasterxml\
Launcher Type: SUN_STANDARD

[Global flags]
     intx CICompilerCount                          = 3                                         {product} {ergonomic}
     uint ConcGCThreads                            = 1                                         {product} {ergonomic}
     uint G1ConcRefinementThreads                  = 4                                         {product} {ergonomic}
   size_t G1HeapRegionSize                         = 1048576                                   {product} {ergonomic}
    uintx GCDrainStackTargetSize                   = 64                                        {product} {ergonomic}
   size_t InitialHeapSize                          = 134217728                                 {product} {ergonomic}
   size_t MarkStackSize                            = 4194304                                   {product} {ergonomic}
   size_t MaxHeapSize                              = 2116026368                                {product} {ergonomic}
   size_t MaxNewSize                               = 1268776960                                {product} {ergonomic}
   size_t MinHeapDeltaBytes                        = 1048576                                   {product} {ergonomic}
   size_t MinHeapSize                              = 8388608                                   {product} {ergonomic}
    uintx NonNMethodCodeHeapSize                   = 5832780                                {pd product} {ergonomic}
    uintx NonProfiledCodeHeapSize                  = 122912730                              {pd product} {ergonomic}
    uintx ProfiledCodeHeapSize                     = 122912730                              {pd product} {ergonomic}
    uintx ReservedCodeCacheSize                    = 251658240                              {pd product} {ergonomic}
     bool SegmentedCodeCache                       = true                                      {product} {ergonomic}
     bool ShowCodeDetailsInExceptionMessages       = true                                   {manageable} {command line}
   size_t SoftMaxHeapSize                          = 2116026368                             {manageable} {ergonomic}
     bool UseCompressedClassPointers               = true                           {product lp64_product} {ergonomic}
     bool UseCompressedOops                        = true                           {product lp64_product} {ergonomic}
     bool UseG1GC                                  = true                                      {product} {ergonomic}
     bool UseLargePagesIndividualAllocation        = false                                  {pd product} {ergonomic}

Logging:
Log output configuration:
 #0: stdout all=warning uptime,level,tags
 #1: stderr all=off uptime,level,tags

Environment Variables:
PATH=C:/Users/Shivani Nimbalkar/Downloads/sts-4.13.1.RELEASE//plugins/org.eclipse.justj.openjdk.hotspot.jre.full.win32.x86_64_17.0.1.v20211116-1657/jre/bin/server;C:/Users/Shivani Nimbalkar/Downloads/sts-4.13.1.RELEASE//plugins/org.eclipse.justj.openjdk.hotspot.jre.full.win32.x86_64_17.0.1.v20211116-1657/jre/bin;C:\Python310\Scripts\;C:\Python310\;C:\Program Files\Common Files\Oracle\Java\javapath;C:\Program Files (x86)\Common Files\Oracle\Java\javapath;D:\app\Shivani_Nimbalkar\virtual\product\12.2.0\dbhome_2\bin;C:\oraclexe\app\oracle\product\11.2.0\server\bin;C:\WINDOWS\system32;C:\WINDOWS;C:\WINDOWS\System32\Wbem;C:\WINDOWS\System32\WindowsPowerShell\v1.0\;C:\WINDOWS\System32\OpenSSH\;C:\Program Files\Microsoft SQL Server\Client SDK\ODBC\170\Tools\Binn\;C:\Program Files (x86)\Microsoft SQL Server\150\Tools\Binn\;C:\Program Files\Microsoft SQL Server\150\Tools\Binn\;C:\Program Files\Microsoft SQL Server\150\DTS\Binn\;C:\Program Files (x86)\Microsoft SQL Server\150\DTS\Binn\;C:\Program Files\Azure Data Studio\bin;C:\Program Files\Git\cmd;C:\Program Files\Java\jdk-11.0.16\bin;C:\apache-maven-3.8.6-bin\apache-maven-3.8.6\bin;;C:\Program Files\Docker\Docker\resources\bin;C:\ProgramData\DockerDesktop\version-bin;C:\Program Files\nodejs\;C:\ProgramData\chocolatey\bin;C:\Users\Shivani Nimbalkar\AppData\Local\Microsoft\WindowsApps;C:\Program Files\Azure Data Studio\bin;C:\Users\Shivani Nimbalkar\AppData\Local\Programs\Microsoft VS Code\bin;C:\apache-maven-3.8.6-src\apache-maven-3.8.6\apache-maven\src\bin;C:\Users\Shivani Nimbalkar\AppData\Roaming\npm;C:\Users\Shivani Nimbalkar\Downloads\sts-4.13.1.RELEASE;
USERNAME=Shivani Nimbalkar
OS=Windows_NT
PROCESSOR_IDENTIFIER=Intel64 Family 6 Model 142 Stepping 9, GenuineIntel



---------------  S Y S T E M  ---------------

OS:
 Windows 10 , 64 bit Build 19041 (10.0.19041.1889)
OS uptime: 8 days 19:24 hours
Hyper-V role detected

CPU: total 4 (initial active 4) (2 cores per cpu, 2 threads per core) family 6 model 142 stepping 9 microcode 0xb4, cx8, cmov, fxsr, ht, mmx, 3dnowpref, sse, sse2, sse3, ssse3, sse4.1, sse4.2, popcnt, lzcnt, tsc, tscinvbit, avx, avx2, aes, erms, clmul, bmi1, bmi2, adx, fma, vzeroupper, clflush, clflushopt, hv

Memory: 4k page, system-wide physical 8066M (1135M free)
TotalPageFile size 22738M (AvailPageFile size 150M)
current process WorkingSet (physical memory assigned to process): 54M, peak: 196M
current process commit charge ("private bytes"): 197M, peak: 236M

vm_info: OpenJDK 64-Bit Server VM (17.0.1+12) for windows-amd64 JRE (17.0.1+12), built on Oct 20 2021 07:42:55 by "" with MS VC++ 16.7 (VS2019)

END.
